<?xml version="1.0" encoding="UTF-8"?>
<!-- Generated by org.testng.reporters.JUnitReportReporter -->
<testsuite hostname="DESKTOP-PIJ6M3V" failures="0" tests="5" name="RunnerMedi.RunMedi" time="27.923" errors="0" timestamp="2023-01-03T09:27:30 IST" skipped="3">
  <testcase classname="RunnerMedi.RunMedi" name="login" time="21.812"/>
  <system-out/>
  <testcase classname="RunnerMedi.RunMedi" name="birthAnddeath" time="6.111"/>
  <system-out/>
  <testcase classname="RunnerMedi.RunMedi" name="birthrecord">
    <skipped/>
  </testcase> <!-- birthrecord -->
  <system-out/>
  <testcase classname="RunnerMedi.RunMedi" name="deathrecord">
    <skipped/>
  </testcase> <!-- deathrecord -->
  <system-out/>
  <testcase classname="RunnerMedi.RunMedi" name="birth">
    <skipped/>
  </testcase> <!-- birth -->
  <system-out/>
</testsuite> <!-- RunnerMedi.RunMedi -->
